#! /usr/bin/vvp
:ivl_version "11.0 (stable)";
:ivl_delay_selection "TYPICAL";
:vpi_time_precision - 12;
:vpi_module "/usr/lib/x86_64-linux-gnu/ivl/system.vpi";
:vpi_module "/usr/lib/x86_64-linux-gnu/ivl/vhdl_sys.vpi";
:vpi_module "/usr/lib/x86_64-linux-gnu/ivl/vhdl_textio.vpi";
:vpi_module "/usr/lib/x86_64-linux-gnu/ivl/v2005_math.vpi";
:vpi_module "/usr/lib/x86_64-linux-gnu/ivl/va_math.vpi";
S_0x5627c06bed90 .scope module, "rsr_tb" "rsr_tb" 2 2;
 .timescale -9 -12;
v0x5627c070b370_0 .var "c", 0 0;
v0x5627c070b430_0 .var "d_tb", 0 0;
v0x5627c070b500_0 .net "q_tb", 0 0, v0x5627c070b130_0;  1 drivers
v0x5627c070b600_0 .var "r_tb", 0 0;
S_0x5627c06bef20 .scope module, "u_rsr0" "rsr" 2 23, 3 1 0, S_0x5627c06bed90;
 .timescale -9 -12;
    .port_info 0 /INPUT 1 "D";
    .port_info 1 /INPUT 1 "R";
    .port_info 2 /INPUT 1 "C";
    .port_info 3 /OUTPUT 1 "Q";
v0x5627c06c07b0_0 .net "C", 0 0, v0x5627c070b370_0;  1 drivers
v0x5627c06c0ba0_0 .net "D", 0 0, v0x5627c070b430_0;  1 drivers
v0x5627c070b130_0 .var "Q", 0 0;
v0x5627c070b200_0 .net "R", 0 0, v0x5627c070b600_0;  1 drivers
E_0x5627c06faa20 .event posedge, v0x5627c06c07b0_0;
    .scope S_0x5627c06bef20;
T_0 ;
    %wait E_0x5627c06faa20;
    %load/vec4 v0x5627c070b200_0;
    %flag_set/vec4 8;
    %jmp/0xz  T_0.0, 8;
    %pushi/vec4 0, 0, 1;
    %store/vec4 v0x5627c070b130_0, 0, 1;
    %jmp T_0.1;
T_0.0 ;
    %load/vec4 v0x5627c06c0ba0_0;
    %store/vec4 v0x5627c070b130_0, 0, 1;
T_0.1 ;
    %jmp T_0;
    .thread T_0;
    .scope S_0x5627c06bed90;
T_1 ;
    %pushi/vec4 0, 0, 1;
    %store/vec4 v0x5627c070b430_0, 0, 1;
    %pushi/vec4 0, 0, 1;
    %store/vec4 v0x5627c070b600_0, 0, 1;
    %pushi/vec4 0, 0, 1;
    %store/vec4 v0x5627c070b370_0, 0, 1;
    %end;
    .thread T_1;
    .scope S_0x5627c06bed90;
T_2 ;
    %load/vec4 v0x5627c070b370_0;
    %inv;
    %store/vec4 v0x5627c070b370_0, 0, 1;
    %delay 10000, 0;
    %jmp T_2;
    .thread T_2;
    .scope S_0x5627c06bed90;
T_3 ;
    %pushi/vec4 1, 0, 1;
    %store/vec4 v0x5627c070b600_0, 0, 1;
    %pushi/vec4 0, 0, 1;
    %store/vec4 v0x5627c070b430_0, 0, 1;
    %delay 40000, 0;
    %pushi/vec4 0, 0, 1;
    %store/vec4 v0x5627c070b600_0, 0, 1;
    %pushi/vec4 1, 0, 1;
    %store/vec4 v0x5627c070b430_0, 0, 1;
    %delay 40000, 0;
    %pushi/vec4 0, 0, 1;
    %store/vec4 v0x5627c070b430_0, 0, 1;
    %delay 40000, 0;
    %vpi_call 2 21 "$finish" {0 0 0};
    %end;
    .thread T_3;
    .scope S_0x5627c06bed90;
T_4 ;
    %vpi_call 2 30 "$dumpfile", "rsr.vcd" {0 0 0};
    %vpi_call 2 31 "$dumpvars", 32'sb00000000000000000000000000000000, S_0x5627c06bed90 {0 0 0};
    %end;
    .thread T_4;
# The file index is used to find the file name in the following table.
:file_names 4;
    "N/A";
    "<interactive>";
    "rsr_tb.v";
    "rsr.v";
