#! /usr/bin/vvp
:ivl_version "11.0 (stable)";
:ivl_delay_selection "TYPICAL";
:vpi_time_precision + 0;
:vpi_module "/usr/lib/x86_64-linux-gnu/ivl/system.vpi";
:vpi_module "/usr/lib/x86_64-linux-gnu/ivl/vhdl_sys.vpi";
:vpi_module "/usr/lib/x86_64-linux-gnu/ivl/vhdl_textio.vpi";
:vpi_module "/usr/lib/x86_64-linux-gnu/ivl/v2005_math.vpi";
:vpi_module "/usr/lib/x86_64-linux-gnu/ivl/va_math.vpi";
S_0x560f93ffd1c0 .scope module, "rsrf_tb" "rsrf_tb" 2 43;
 .timescale 0 0;
v0x560f94014400_0 .var "c", 0 0;
v0x560f940144c0_0 .var "clk", 0 0;
v0x560f94014580_0 .var "d1", 0 0;
v0x560f94014620_0 .net "q4", 0 0, v0x560f94013bd0_0;  1 drivers
v0x560f94014710_0 .var "r", 0 0;
S_0x560f93ffd350 .scope module, "uut" "rsrf" 2 54, 3 2 0, S_0x560f93ffd1c0;
 .timescale 0 0;
    .port_info 0 /INPUT 1 "d1";
    .port_info 1 /INPUT 1 "r";
    .port_info 2 /INPUT 1 "c";
    .port_info 3 /OUTPUT 1 "q4";
v0x560f94013db0_0 .net "c", 0 0, v0x560f94014400_0;  1 drivers
v0x560f94013e70_0 .net "d1", 0 0, v0x560f94014580_0;  1 drivers
v0x560f94013f30_0 .net "d2", 0 0, v0x560f93fc17b0_0;  1 drivers
v0x560f94014000_0 .net "d3", 0 0, v0x560f94012fb0_0;  1 drivers
v0x560f940140f0_0 .net "d4", 0 0, v0x560f940135d0_0;  1 drivers
v0x560f94014230_0 .net "q4", 0 0, v0x560f94013bd0_0;  alias, 1 drivers
v0x560f940142d0_0 .net "r", 0 0, v0x560f94014710_0;  1 drivers
S_0x560f93fbfcf0 .scope module, "u_ff1" "rsr" 3 14, 4 1 0, S_0x560f93ffd350;
 .timescale 0 0;
    .port_info 0 /INPUT 1 "D";
    .port_info 1 /INPUT 1 "R";
    .port_info 2 /INPUT 1 "C";
    .port_info 3 /OUTPUT 1 "Q";
v0x560f93fe9c10_0 .net "C", 0 0, v0x560f94014400_0;  alias, 1 drivers
v0x560f93fc1ba0_0 .net "D", 0 0, v0x560f94014580_0;  alias, 1 drivers
v0x560f93fc17b0_0 .var "Q", 0 0;
v0x560f94012ad0_0 .net "R", 0 0, v0x560f94014710_0;  alias, 1 drivers
E_0x560f93ffbbe0 .event posedge, v0x560f93fe9c10_0;
S_0x560f94012c10 .scope module, "u_ff2" "rsr" 3 22, 4 1 0, S_0x560f93ffd350;
 .timescale 0 0;
    .port_info 0 /INPUT 1 "D";
    .port_info 1 /INPUT 1 "R";
    .port_info 2 /INPUT 1 "C";
    .port_info 3 /OUTPUT 1 "Q";
v0x560f94012e10_0 .net "C", 0 0, v0x560f94014400_0;  alias, 1 drivers
v0x560f94012ee0_0 .net "D", 0 0, v0x560f93fc17b0_0;  alias, 1 drivers
v0x560f94012fb0_0 .var "Q", 0 0;
v0x560f94013080_0 .net "R", 0 0, v0x560f94014710_0;  alias, 1 drivers
S_0x560f940131a0 .scope module, "u_ff3" "rsr" 3 30, 4 1 0, S_0x560f93ffd350;
 .timescale 0 0;
    .port_info 0 /INPUT 1 "D";
    .port_info 1 /INPUT 1 "R";
    .port_info 2 /INPUT 1 "C";
    .port_info 3 /OUTPUT 1 "Q";
v0x560f94013420_0 .net "C", 0 0, v0x560f94014400_0;  alias, 1 drivers
v0x560f94013510_0 .net "D", 0 0, v0x560f94012fb0_0;  alias, 1 drivers
v0x560f940135d0_0 .var "Q", 0 0;
v0x560f940136a0_0 .net "R", 0 0, v0x560f94014710_0;  alias, 1 drivers
S_0x560f940137d0 .scope module, "u_ff4" "rsr" 3 38, 4 1 0, S_0x560f93ffd350;
 .timescale 0 0;
    .port_info 0 /INPUT 1 "D";
    .port_info 1 /INPUT 1 "R";
    .port_info 2 /INPUT 1 "C";
    .port_info 3 /OUTPUT 1 "Q";
v0x560f94013a20_0 .net "C", 0 0, v0x560f94014400_0;  alias, 1 drivers
v0x560f94013ae0_0 .net "D", 0 0, v0x560f940135d0_0;  alias, 1 drivers
v0x560f94013bd0_0 .var "Q", 0 0;
v0x560f94013ca0_0 .net "R", 0 0, v0x560f94014710_0;  alias, 1 drivers
    .scope S_0x560f93fbfcf0;
T_0 ;
    %wait E_0x560f93ffbbe0;
    %load/vec4 v0x560f94012ad0_0;
    %flag_set/vec4 8;
    %jmp/0xz  T_0.0, 8;
    %pushi/vec4 0, 0, 1;
    %store/vec4 v0x560f93fc17b0_0, 0, 1;
    %jmp T_0.1;
T_0.0 ;
    %load/vec4 v0x560f93fc1ba0_0;
    %store/vec4 v0x560f93fc17b0_0, 0, 1;
T_0.1 ;
    %jmp T_0;
    .thread T_0;
    .scope S_0x560f94012c10;
T_1 ;
    %wait E_0x560f93ffbbe0;
    %load/vec4 v0x560f94013080_0;
    %flag_set/vec4 8;
    %jmp/0xz  T_1.0, 8;
    %pushi/vec4 0, 0, 1;
    %store/vec4 v0x560f94012fb0_0, 0, 1;
    %jmp T_1.1;
T_1.0 ;
    %load/vec4 v0x560f94012ee0_0;
    %store/vec4 v0x560f94012fb0_0, 0, 1;
T_1.1 ;
    %jmp T_1;
    .thread T_1;
    .scope S_0x560f940131a0;
T_2 ;
    %wait E_0x560f93ffbbe0;
    %load/vec4 v0x560f940136a0_0;
    %flag_set/vec4 8;
    %jmp/0xz  T_2.0, 8;
    %pushi/vec4 0, 0, 1;
    %store/vec4 v0x560f940135d0_0, 0, 1;
    %jmp T_2.1;
T_2.0 ;
    %load/vec4 v0x560f94013510_0;
    %store/vec4 v0x560f940135d0_0, 0, 1;
T_2.1 ;
    %jmp T_2;
    .thread T_2;
    .scope S_0x560f940137d0;
T_3 ;
    %wait E_0x560f93ffbbe0;
    %load/vec4 v0x560f94013ca0_0;
    %flag_set/vec4 8;
    %jmp/0xz  T_3.0, 8;
    %pushi/vec4 0, 0, 1;
    %store/vec4 v0x560f94013bd0_0, 0, 1;
    %jmp T_3.1;
T_3.0 ;
    %load/vec4 v0x560f94013ae0_0;
    %store/vec4 v0x560f94013bd0_0, 0, 1;
T_3.1 ;
    %jmp T_3;
    .thread T_3;
    .scope S_0x560f93ffd1c0;
T_4 ;
    %pushi/vec4 0, 0, 1;
    %store/vec4 v0x560f940144c0_0, 0, 1;
    %end;
    .thread T_4;
    .scope S_0x560f93ffd1c0;
T_5 ;
    %delay 5, 0;
    %load/vec4 v0x560f940144c0_0;
    %inv;
    %store/vec4 v0x560f940144c0_0, 0, 1;
    %jmp T_5;
    .thread T_5;
    .scope S_0x560f93ffd1c0;
T_6 ;
    %pushi/vec4 0, 0, 1;
    %store/vec4 v0x560f94014580_0, 0, 1;
    %pushi/vec4 0, 0, 1;
    %store/vec4 v0x560f94014710_0, 0, 1;
    %pushi/vec4 0, 0, 1;
    %store/vec4 v0x560f94014400_0, 0, 1;
    %delay 10, 0;
    %pushi/vec4 1, 0, 1;
    %store/vec4 v0x560f94014710_0, 0, 1;
    %delay 10, 0;
    %pushi/vec4 1, 0, 1;
    %store/vec4 v0x560f94014580_0, 0, 1;
    %delay 10, 0;
    %pushi/vec4 0, 0, 1;
    %store/vec4 v0x560f94014580_0, 0, 1;
    %pushi/vec4 0, 0, 1;
    %store/vec4 v0x560f94014710_0, 0, 1;
    %delay 20, 0;
    %vpi_call 2 85 "$display", "q4 = %b", v0x560f94014620_0 {0 0 0};
    %vpi_call 2 88 "$finish" {0 0 0};
    %end;
    .thread T_6;
    .scope S_0x560f93ffd1c0;
T_7 ;
    %vpi_call 2 91 "$dumpfile", "rsrf.vcd" {0 0 0};
    %vpi_call 2 92 "$dumpvars", 32'sb00000000000000000000000000000000, S_0x560f93ffd1c0 {0 0 0};
    %end;
    .thread T_7;
# The file index is used to find the file name in the following table.
:file_names 5;
    "N/A";
    "<interactive>";
    "rsrf_tb.v";
    "rsrf.v";
    "./rsr.v";
