#! /usr/bin/vvp
:ivl_version "11.0 (stable)";
:ivl_delay_selection "TYPICAL";
:vpi_time_precision - 12;
:vpi_module "/usr/lib/x86_64-linux-gnu/ivl/system.vpi";
:vpi_module "/usr/lib/x86_64-linux-gnu/ivl/vhdl_sys.vpi";
:vpi_module "/usr/lib/x86_64-linux-gnu/ivl/vhdl_textio.vpi";
:vpi_module "/usr/lib/x86_64-linux-gnu/ivl/v2005_math.vpi";
:vpi_module "/usr/lib/x86_64-linux-gnu/ivl/va_math.vpi";
S_0x555e8b3bedf0 .scope module, "counter_tb" "counter_tb" 2 2;
 .timescale -9 -12;
v0x555e8b40a180_0 .var "clk", 0 0;
v0x555e8b40a250_0 .net "out_tb", 3 0, v0x555e8b3c0ba0_0;  1 drivers
v0x555e8b40a320_0 .var "res_tb", 0 0;
S_0x555e8b3bef80 .scope module, "u_count" "counter" 2 23, 3 1 0, S_0x555e8b3bedf0;
 .timescale -9 -12;
    .port_info 0 /INPUT 1 "res";
    .port_info 1 /INPUT 1 "clk";
    .port_info 2 /OUTPUT 4 "out";
v0x555e8b3c07b0_0 .net "clk", 0 0, v0x555e8b40a180_0;  1 drivers
v0x555e8b3c0ba0_0 .var "out", 3 0;
v0x555e8b40a060_0 .net "res", 0 0, v0x555e8b40a320_0;  1 drivers
E_0x555e8b3f9f60 .event posedge, v0x555e8b3c07b0_0;
    .scope S_0x555e8b3bef80;
T_0 ;
    %wait E_0x555e8b3f9f60;
    %load/vec4 v0x555e8b40a060_0;
    %flag_set/vec4 8;
    %jmp/0xz  T_0.0, 8;
    %pushi/vec4 0, 0, 4;
    %assign/vec4 v0x555e8b3c0ba0_0, 0;
    %jmp T_0.1;
T_0.0 ;
    %load/vec4 v0x555e8b3c0ba0_0;
    %addi 1, 0, 4;
    %assign/vec4 v0x555e8b3c0ba0_0, 0;
T_0.1 ;
    %jmp T_0;
    .thread T_0;
    .scope S_0x555e8b3bedf0;
T_1 ;
    %delay 5000, 0;
    %load/vec4 v0x555e8b40a180_0;
    %inv;
    %store/vec4 v0x555e8b40a180_0, 0, 1;
    %jmp T_1;
    .thread T_1;
    .scope S_0x555e8b3bedf0;
T_2 ;
    %pushi/vec4 1, 0, 1;
    %store/vec4 v0x555e8b40a180_0, 0, 1;
    %pushi/vec4 1, 0, 1;
    %store/vec4 v0x555e8b40a320_0, 0, 1;
    %delay 10000, 0;
    %pushi/vec4 1, 0, 1;
    %store/vec4 v0x555e8b40a320_0, 0, 1;
    %delay 10000, 0;
    %pushi/vec4 0, 0, 1;
    %store/vec4 v0x555e8b40a320_0, 0, 1;
    %delay 150000, 0;
    %vpi_call 2 19 "$finish" {0 0 0};
    %end;
    .thread T_2;
    .scope S_0x555e8b3bedf0;
T_3 ;
    %vpi_call 2 31 "$dumpfile", "counter.vcd" {0 0 0};
    %vpi_call 2 32 "$dumpvars", 32'sb00000000000000000000000000000000, S_0x555e8b3bedf0 {0 0 0};
    %end;
    .thread T_3;
# The file index is used to find the file name in the following table.
:file_names 4;
    "N/A";
    "<interactive>";
    "counter_tb.v";
    "counter.v";
