#! /usr/bin/vvp
:ivl_version "11.0 (stable)";
:ivl_delay_selection "TYPICAL";
:vpi_time_precision - 12;
:vpi_module "/usr/lib/x86_64-linux-gnu/ivl/system.vpi";
:vpi_module "/usr/lib/x86_64-linux-gnu/ivl/vhdl_sys.vpi";
:vpi_module "/usr/lib/x86_64-linux-gnu/ivl/vhdl_textio.vpi";
:vpi_module "/usr/lib/x86_64-linux-gnu/ivl/v2005_math.vpi";
:vpi_module "/usr/lib/x86_64-linux-gnu/ivl/va_math.vpi";
S_0x558607ff4360 .scope module, "fa_tb" "fa_tb" 2 2;
 .timescale -9 -12;
v0x558608008e90_0 .var "a_tb", 0 0;
v0x558608008f50_0 .var "b_tb", 0 0;
v0x558608008ff0_0 .net "carry_tb", 0 0, L_0x558608009600;  1 drivers
v0x558608009090_0 .var "cin_tb", 0 0;
v0x558608009160_0 .net "sum_tb", 0 0, L_0x558608009390;  1 drivers
S_0x558607ff44f0 .scope module, "u_fa0" "fa" 2 33, 3 1 0, S_0x558607ff4360;
 .timescale -9 -12;
    .port_info 0 /INPUT 1 "A";
    .port_info 1 /INPUT 1 "B";
    .port_info 2 /INPUT 1 "Cin";
    .port_info 3 /OUTPUT 1 "sum";
    .port_info 4 /OUTPUT 1 "carry";
L_0x558608009250 .functor XOR 1, v0x558608008e90_0, v0x558608008f50_0, C4<0>, C4<0>;
L_0x558608009390 .functor XOR 1, L_0x558608009250, v0x558608009090_0, C4<0>, C4<0>;
L_0x5586080094f0 .functor AND 1, v0x558608008e90_0, v0x558608008f50_0, C4<1>, C4<1>;
L_0x558608009560 .functor AND 1, L_0x558608009250, v0x558608009090_0, C4<1>, C4<1>;
L_0x558608009600 .functor OR 1, L_0x5586080094f0, L_0x558608009560, C4<0>, C4<0>;
v0x558607ff46d0_0 .net "A", 0 0, v0x558608008e90_0;  1 drivers
v0x558608008880_0 .net "B", 0 0, v0x558608008f50_0;  1 drivers
v0x558608008940_0 .net "Cin", 0 0, v0x558608009090_0;  1 drivers
v0x5586080089e0_0 .net "c0", 0 0, L_0x5586080094f0;  1 drivers
v0x558608008aa0_0 .net "c1", 0 0, L_0x558608009560;  1 drivers
v0x558608008bb0_0 .net "carry", 0 0, L_0x558608009600;  alias, 1 drivers
v0x558608008c70_0 .net "s0", 0 0, L_0x558608009250;  1 drivers
v0x558608008d30_0 .net "sum", 0 0, L_0x558608009390;  alias, 1 drivers
    .scope S_0x558607ff4360;
T_0 ;
    %pushi/vec4 0, 0, 1;
    %store/vec4 v0x558608008e90_0, 0, 1;
    %pushi/vec4 0, 0, 1;
    %store/vec4 v0x558608008f50_0, 0, 1;
    %pushi/vec4 0, 0, 1;
    %store/vec4 v0x558608009090_0, 0, 1;
    %delay 1000, 0;
    %pushi/vec4 0, 0, 1;
    %store/vec4 v0x558608008e90_0, 0, 1;
    %pushi/vec4 0, 0, 1;
    %store/vec4 v0x558608008f50_0, 0, 1;
    %pushi/vec4 1, 0, 1;
    %store/vec4 v0x558608009090_0, 0, 1;
    %delay 1000, 0;
    %pushi/vec4 0, 0, 1;
    %store/vec4 v0x558608008e90_0, 0, 1;
    %pushi/vec4 1, 0, 1;
    %store/vec4 v0x558608008f50_0, 0, 1;
    %pushi/vec4 0, 0, 1;
    %store/vec4 v0x558608009090_0, 0, 1;
    %delay 1000, 0;
    %pushi/vec4 0, 0, 1;
    %store/vec4 v0x558608008e90_0, 0, 1;
    %pushi/vec4 1, 0, 1;
    %store/vec4 v0x558608008f50_0, 0, 1;
    %pushi/vec4 1, 0, 1;
    %store/vec4 v0x558608009090_0, 0, 1;
    %delay 1000, 0;
    %pushi/vec4 1, 0, 1;
    %store/vec4 v0x558608008e90_0, 0, 1;
    %pushi/vec4 0, 0, 1;
    %store/vec4 v0x558608008f50_0, 0, 1;
    %pushi/vec4 0, 0, 1;
    %store/vec4 v0x558608009090_0, 0, 1;
    %delay 1000, 0;
    %pushi/vec4 1, 0, 1;
    %store/vec4 v0x558608008e90_0, 0, 1;
    %pushi/vec4 0, 0, 1;
    %store/vec4 v0x558608008f50_0, 0, 1;
    %pushi/vec4 1, 0, 1;
    %store/vec4 v0x558608009090_0, 0, 1;
    %delay 1000, 0;
    %pushi/vec4 1, 0, 1;
    %store/vec4 v0x558608008e90_0, 0, 1;
    %pushi/vec4 1, 0, 1;
    %store/vec4 v0x558608008f50_0, 0, 1;
    %pushi/vec4 0, 0, 1;
    %store/vec4 v0x558608009090_0, 0, 1;
    %delay 1000, 0;
    %pushi/vec4 1, 0, 1;
    %store/vec4 v0x558608008e90_0, 0, 1;
    %pushi/vec4 1, 0, 1;
    %store/vec4 v0x558608008f50_0, 0, 1;
    %pushi/vec4 1, 0, 1;
    %store/vec4 v0x558608009090_0, 0, 1;
    %vpi_call 2 28 "$display", "sum_tb value is %d", v0x558608009160_0 {0 0 0};
    %vpi_call 2 29 "$display", "carry_tb value is %d", v0x558608008ff0_0 {0 0 0};
    %delay 1000, 0;
    %end;
    .thread T_0;
    .scope S_0x558607ff4360;
T_1 ;
    %vpi_call 2 43 "$dumpfile", "fa.vcd" {0 0 0};
    %vpi_call 2 44 "$dumpvars", 32'sb00000000000000000000000000000000, S_0x558607ff4360 {0 0 0};
    %end;
    .thread T_1;
# The file index is used to find the file name in the following table.
:file_names 4;
    "N/A";
    "<interactive>";
    "fa_tb.v";
    "fa.v";
